datalayer/watch/build/intermediates/manifest_merge_blame_file/debug/processDebugManifest/manifest-merger-blame-debug-report.txt
1<?xml version="1.0" encoding="utf-8"?>
2<!--
3  ~ Copyright 2022 The Android Open Source Project
4  ~
5  ~ Licensed under the Apache License, Version 2.0 (the "License");
6  ~ you may not use this file except in compliance with the License.
7  ~ You may obtain a copy of the License at
8  ~
9  ~      https://www.apache.org/licenses/LICENSE-2.0
10  ~
11  ~ Unless required by applicable law or agreed to in writing, software
12  ~ distributed under the License is distributed on an "AS IS" BASIS,
13  ~ WITHOUT WARRANTIES OR CONDITIONS OF ANY KIND, either express or implied.
14  ~ See the License for the specific language governing permissions and
15  ~ limitations under the License.
16-->
17<manifest xmlns:android="http://schemas.android.com/apk/res/android"
18    xmlns:tools="http://schemas.android.com/tools"
19    package="com.google.android.horologist.datalayer.watch" >
20
21    <uses-sdk
21-->src\main\AndroidManifest.xml:21:5-23:42
22        android:minSdkVersion="26"
22-->src\main\AndroidManifest.xml:22:9-35
23        tools:ignore="GradleOverrides" />
23-->src\main\AndroidManifest.xml:23:9-39
24
25    <application>
25-->src\main\AndroidManifest.xml:25:5-38:19
26        <service
26-->src\main\AndroidManifest.xml:26:9-37:19
27            android:name="com.google.android.horologist.datalayer.watch.WearDataLayerListenerService"
27-->src\main\AndroidManifest.xml:27:13-102
28            android:exported="true"
28-->src\main\AndroidManifest.xml:28:13-36
29            tools:ignore="ExportedService" >
29-->src\main\AndroidManifest.xml:29:13-43
30            <intent-filter>
30-->src\main\AndroidManifest.xml:30:13-36:29
31                <action android:name="com.google.android.gms.wearable.REQUEST_RECEIVED" />
31-->src\main\AndroidManifest.xml:31:17-91
31-->src\main\AndroidManifest.xml:31:25-88
32
33                <data
33-->src\main\AndroidManifest.xml:32:17-35:45
34                    android:host="*"
34-->src\main\AndroidManifest.xml:33:21-37
35                    android:path="/data_layer_app_helper/launch_app"
35-->src\main\AndroidManifest.xml:34:21-69
36                    android:scheme="wear" />
36-->src\main\AndroidManifest.xml:35:21-42
37            </intent-filter>
38        </service>
39    </application>
40
41</manifest>